{"C:\\Users\\gabriel.bezerra\\Desktop\\DEV\\api-challenge\\src\\app.ts": {"path":"C:\\Users\\gabriel.bezerra\\Desktop\\DEV\\api-challenge\\src\\app.ts","statementMap":{"0":{"start":{"line":1,"column":0},"end":{"line":1,"column":47}},"1":{"start":{"line":2,"column":0},"end":{"line":2,"column":30}},"2":{"start":{"line":3,"column":0},"end":{"line":3,"column":26}},"3":{"start":{"line":9,"column":8},"end":{"line":9,"column":32}},"4":{"start":{"line":10,"column":8},"end":{"line":10,"column":27}},"5":{"start":{"line":11,"column":8},"end":{"line":11,"column":22}},"6":{"start":{"line":15,"column":8},"end":{"line":15,"column":40}},"7":{"start":{"line":19,"column":8},"end":{"line":19,"column":28}},"8":{"start":{"line":22,"column":0},"end":{"line":22,"column":32}}},"fnMap":{"0":{"name":"(anonymous_1)","decl":{"start":{"line":8,"column":4},"end":{"line":8,"column":null}},"loc":{"start":{"line":8,"column":4},"end":{"line":12,"column":5}}},"1":{"name":"(anonymous_2)","decl":{"start":{"line":14,"column":4},"end":{"line":14,"column":15}},"loc":{"start":{"line":14,"column":15},"end":{"line":16,"column":5}}},"2":{"name":"(anonymous_3)","decl":{"start":{"line":18,"column":4},"end":{"line":18,"column":10}},"loc":{"start":{"line":18,"column":10},"end":{"line":20,"column":5}}}},"branchMap":{},"s":{"0":2,"1":2,"2":2,"3":2,"4":2,"5":2,"6":2,"7":2,"8":2},"f":{"0":2,"1":2,"2":2},"b":{}}
,"C:\\Users\\gabriel.bezerra\\Desktop\\DEV\\api-challenge\\src\\app\\controllers\\CitiesController.ts": {"path":"C:\\Users\\gabriel.bezerra\\Desktop\\DEV\\api-challenge\\src\\app\\controllers\\CitiesController.ts","statementMap":{"0":{"start":{"line":2,"column":0},"end":{"line":2,"column":56}},"1":{"start":{"line":6,"column":8},"end":{"line":11,"column":null}},"2":{"start":{"line":7,"column":28},"end":{"line":7,"column":65}},"3":{"start":{"line":8,"column":12},"end":{"line":8,"column":49}},"4":{"start":{"line":10,"column":12},"end":{"line":10,"column":31}},"5":{"start":{"line":15,"column":8},"end":{"line":20,"column":null}},"6":{"start":{"line":16,"column":27},"end":{"line":16,"column":66}},"7":{"start":{"line":17,"column":12},"end":{"line":17,"column":48}},"8":{"start":{"line":19,"column":12},"end":{"line":19,"column":31}},"9":{"start":{"line":24,"column":8},"end":{"line":30,"column":null}},"10":{"start":{"line":25,"column":29},"end":{"line":25,"column":39}},"11":{"start":{"line":26,"column":33},"end":{"line":26,"column":79}},"12":{"start":{"line":27,"column":12},"end":{"line":27,"column":54}},"13":{"start":{"line":29,"column":12},"end":{"line":29,"column":31}},"14":{"start":{"line":34,"column":8},"end":{"line":40,"column":null}},"15":{"start":{"line":35,"column":30},"end":{"line":35,"column":40}},"16":{"start":{"line":36,"column":34},"end":{"line":36,"column":81}},"17":{"start":{"line":37,"column":12},"end":{"line":37,"column":55}},"18":{"start":{"line":39,"column":12},"end":{"line":39,"column":31}},"19":{"start":{"line":44,"column":0},"end":{"line":44,"column":38}}},"fnMap":{"0":{"name":"(anonymous_1)","decl":{"start":{"line":5,"column":4},"end":{"line":5,"column":9}},"loc":{"start":{"line":5,"column":64},"end":{"line":12,"column":5}}},"1":{"name":"(anonymous_2)","decl":{"start":{"line":14,"column":4},"end":{"line":14,"column":9}},"loc":{"start":{"line":14,"column":65},"end":{"line":21,"column":5}}},"2":{"name":"(anonymous_3)","decl":{"start":{"line":23,"column":4},"end":{"line":23,"column":9}},"loc":{"start":{"line":23,"column":71},"end":{"line":31,"column":5}}},"3":{"name":"(anonymous_4)","decl":{"start":{"line":33,"column":4},"end":{"line":33,"column":9}},"loc":{"start":{"line":33,"column":72},"end":{"line":41,"column":5}}}},"branchMap":{},"s":{"0":2,"1":9,"2":9,"3":7,"4":2,"5":3,"6":3,"7":2,"8":1,"9":2,"10":2,"11":2,"12":1,"13":1,"14":2,"15":2,"16":2,"17":1,"18":1,"19":2},"f":{"0":9,"1":3,"2":2,"3":2},"b":{}}
,"C:\\Users\\gabriel.bezerra\\Desktop\\DEV\\api-challenge\\src\\app\\controllers\\ClientsController.ts": {"path":"C:\\Users\\gabriel.bezerra\\Desktop\\DEV\\api-challenge\\src\\app\\controllers\\ClientsController.ts","statementMap":{"0":{"start":{"line":2,"column":0},"end":{"line":2,"column":58}},"1":{"start":{"line":6,"column":8},"end":{"line":11,"column":null}},"2":{"start":{"line":7,"column":30},"end":{"line":7,"column":68}},"3":{"start":{"line":8,"column":12},"end":{"line":8,"column":51}},"4":{"start":{"line":10,"column":12},"end":{"line":10,"column":31}},"5":{"start":{"line":15,"column":8},"end":{"line":20,"column":null}},"6":{"start":{"line":16,"column":31},"end":{"line":16,"column":71}},"7":{"start":{"line":17,"column":12},"end":{"line":17,"column":52}},"8":{"start":{"line":19,"column":12},"end":{"line":19,"column":31}},"9":{"start":{"line":24,"column":8},"end":{"line":29,"column":null}},"10":{"start":{"line":25,"column":27},"end":{"line":25,"column":79}},"11":{"start":{"line":26,"column":12},"end":{"line":26,"column":48}},"12":{"start":{"line":28,"column":12},"end":{"line":28,"column":31}},"13":{"start":{"line":33,"column":8},"end":{"line":38,"column":null}},"14":{"start":{"line":34,"column":27},"end":{"line":34,"column":92}},"15":{"start":{"line":35,"column":12},"end":{"line":35,"column":48}},"16":{"start":{"line":37,"column":12},"end":{"line":37,"column":31}},"17":{"start":{"line":42,"column":8},"end":{"line":47,"column":null}},"18":{"start":{"line":43,"column":12},"end":{"line":43,"column":83}},"19":{"start":{"line":44,"column":12},"end":{"line":44,"column":41}},"20":{"start":{"line":46,"column":12},"end":{"line":46,"column":31}},"21":{"start":{"line":51,"column":8},"end":{"line":56,"column":null}},"22":{"start":{"line":52,"column":12},"end":{"line":52,"column":59}},"23":{"start":{"line":53,"column":12},"end":{"line":53,"column":41}},"24":{"start":{"line":55,"column":12},"end":{"line":55,"column":31}},"25":{"start":{"line":60,"column":0},"end":{"line":60,"column":39}}},"fnMap":{"0":{"name":"(anonymous_1)","decl":{"start":{"line":5,"column":4},"end":{"line":5,"column":9}},"loc":{"start":{"line":5,"column":64},"end":{"line":12,"column":5}}},"1":{"name":"(anonymous_2)","decl":{"start":{"line":14,"column":4},"end":{"line":14,"column":9}},"loc":{"start":{"line":14,"column":65},"end":{"line":21,"column":5}}},"2":{"name":"(anonymous_3)","decl":{"start":{"line":23,"column":4},"end":{"line":23,"column":9}},"loc":{"start":{"line":23,"column":69},"end":{"line":30,"column":5}}},"3":{"name":"(anonymous_4)","decl":{"start":{"line":32,"column":4},"end":{"line":32,"column":9}},"loc":{"start":{"line":32,"column":71},"end":{"line":39,"column":5}}},"4":{"name":"(anonymous_5)","decl":{"start":{"line":41,"column":4},"end":{"line":41,"column":9}},"loc":{"start":{"line":41,"column":68},"end":{"line":48,"column":5}}},"5":{"name":"(anonymous_6)","decl":{"start":{"line":50,"column":4},"end":{"line":50,"column":9}},"loc":{"start":{"line":50,"column":67},"end":{"line":57,"column":5}}}},"branchMap":{},"s":{"0":2,"1":5,"2":5,"3":4,"4":1,"5":2,"6":2,"7":1,"8":1,"9":4,"10":4,"11":2,"12":2,"13":2,"14":2,"15":1,"16":1,"17":2,"18":2,"19":1,"20":1,"21":2,"22":2,"23":1,"24":1,"25":2},"f":{"0":5,"1":2,"2":4,"3":2,"4":2,"5":2},"b":{}}
,"C:\\Users\\gabriel.bezerra\\Desktop\\DEV\\api-challenge\\src\\app\\entities\\Cities.ts": {"path":"C:\\Users\\gabriel.bezerra\\Desktop\\DEV\\api-challenge\\src\\app\\entities\\Cities.ts","statementMap":{"0":{"start":{"line":1,"column":0},"end":{"line":1,"column":65}},"1":{"start":{"line":4,"column":0},"end":{"line":13,"column":null}},"2":{"start":{"line":6,"column":4},"end":{"line":6,"column":null}},"3":{"start":{"line":9,"column":4},"end":{"line":9,"column":null}},"4":{"start":{"line":12,"column":4},"end":{"line":12,"column":null}},"5":{"start":{"line":4,"column":21},"end":{"line":13,"column":null}},"6":{"start":{"line":4,"column":21},"end":{"line":4,"column":null}}},"fnMap":{},"branchMap":{},"s":{"0":2,"1":2,"2":2,"3":2,"4":2,"5":2,"6":2},"f":{},"b":{}}
,"C:\\Users\\gabriel.bezerra\\Desktop\\DEV\\api-challenge\\src\\app\\entities\\Clients.ts": {"path":"C:\\Users\\gabriel.bezerra\\Desktop\\DEV\\api-challenge\\src\\app\\entities\\Clients.ts","statementMap":{"0":{"start":{"line":1,"column":0},"end":{"line":1,"column":88}},"1":{"start":{"line":2,"column":0},"end":{"line":2,"column":30}},"2":{"start":{"line":3,"column":0},"end":{"line":3,"column":45}},"3":{"start":{"line":6,"column":0},"end":{"line":31,"column":null}},"4":{"start":{"line":8,"column":4},"end":{"line":8,"column":null}},"5":{"start":{"line":11,"column":4},"end":{"line":11,"column":null}},"6":{"start":{"line":17,"column":4},"end":{"line":17,"column":null}},"7":{"start":{"line":20,"column":4},"end":{"line":20,"column":null}},"8":{"start":{"line":23,"column":4},"end":{"line":23,"column":null}},"9":{"start":{"line":26,"column":4},"end":{"line":26,"column":null}},"10":{"start":{"line":30,"column":4},"end":{"line":30,"column":null}},"11":{"start":{"line":28,"column":21},"end":{"line":28,"column":27}},"12":{"start":{"line":6,"column":6},"end":{"line":31,"column":null}},"13":{"start":{"line":33,"column":0},"end":{"line":33,"column":23}}},"fnMap":{"0":{"name":"(anonymous_3)","decl":{"start":{"line":28,"column":15},"end":{"line":28,"column":18}},"loc":{"start":{"line":28,"column":21},"end":{"line":28,"column":27}}}},"branchMap":{},"s":{"0":2,"1":2,"2":2,"3":2,"4":2,"5":2,"6":2,"7":2,"8":2,"9":2,"10":2,"11":2,"12":2,"13":2},"f":{"0":2},"b":{}}
,"C:\\Users\\gabriel.bezerra\\Desktop\\DEV\\api-challenge\\src\\app\\errors\\BadRequest.ts": {"path":"C:\\Users\\gabriel.bezerra\\Desktop\\DEV\\api-challenge\\src\\app\\errors\\BadRequest.ts","statementMap":{"0":{"start":{"line":5,"column":8},"end":{"line":5,"column":16}},"1":{"start":{"line":6,"column":8},"end":{"line":6,"column":40}},"2":{"start":{"line":7,"column":8},"end":{"line":7,"column":28}},"3":{"start":{"line":1,"column":0},"end":{"line":1,"column":21}}},"fnMap":{"0":{"name":"(anonymous_0)","decl":{"start":{"line":4,"column":4},"end":{"line":4,"column":16}},"loc":{"start":{"line":4,"column":28},"end":{"line":8,"column":5}}}},"branchMap":{},"s":{"0":2,"1":2,"2":2,"3":2},"f":{"0":2},"b":{}}
,"C:\\Users\\gabriel.bezerra\\Desktop\\DEV\\api-challenge\\src\\app\\errors\\NotFound.ts": {"path":"C:\\Users\\gabriel.bezerra\\Desktop\\DEV\\api-challenge\\src\\app\\errors\\NotFound.ts","statementMap":{"0":{"start":{"line":5,"column":8},"end":{"line":5,"column":16}},"1":{"start":{"line":6,"column":8},"end":{"line":6,"column":38}},"2":{"start":{"line":7,"column":8},"end":{"line":7,"column":28}},"3":{"start":{"line":1,"column":0},"end":{"line":1,"column":21}}},"fnMap":{"0":{"name":"(anonymous_0)","decl":{"start":{"line":4,"column":4},"end":{"line":4,"column":16}},"loc":{"start":{"line":4,"column":28},"end":{"line":8,"column":5}}}},"branchMap":{},"s":{"0":10,"1":10,"2":10,"3":2},"f":{"0":10},"b":{}}
,"C:\\Users\\gabriel.bezerra\\Desktop\\DEV\\api-challenge\\src\\app\\errors\\index.ts": {"path":"C:\\Users\\gabriel.bezerra\\Desktop\\DEV\\api-challenge\\src\\app\\errors\\index.ts","statementMap":{"0":{"start":{"line":1,"column":0},"end":{"line":1,"column":7}},"1":{"start":{"line":4,"column":9},"end":{"line":1,"column":38}},"2":{"start":{"line":2,"column":0},"end":{"line":2,"column":7}},"3":{"start":{"line":4,"column":21},"end":{"line":2,"column":34}}},"fnMap":{},"branchMap":{},"s":{"0":2,"1":2,"2":2,"3":2},"f":{},"b":{}}
,"C:\\Users\\gabriel.bezerra\\Desktop\\DEV\\api-challenge\\src\\app\\middlewares\\errorMidleware.ts": {"path":"C:\\Users\\gabriel.bezerra\\Desktop\\DEV\\api-challenge\\src\\app\\middlewares\\errorMidleware.ts","statementMap":{"0":{"start":{"line":3,"column":0},"end":{"line":3,"column":38}},"1":{"start":{"line":4,"column":0},"end":{"line":4,"column":49}},"2":{"start":{"line":6,"column":24},"end":{"line":13,"column":1}},"3":{"start":{"line":7,"column":17},"end":{"line":7,"column":20}},"4":{"start":{"line":9,"column":4},"end":{"line":9,"column":69}},"5":{"start":{"line":9,"column":56},"end":{"line":9,"column":69}},"6":{"start":{"line":10,"column":4},"end":{"line":10,"column":48}},"7":{"start":{"line":10,"column":35},"end":{"line":10,"column":48}},"8":{"start":{"line":12,"column":4},"end":{"line":12,"column":50}},"9":{"start":{"line":14,"column":0},"end":{"line":14,"column":31}}},"fnMap":{"0":{"name":"(anonymous_0)","decl":{"start":{"line":6,"column":24},"end":{"line":6,"column":29}},"loc":{"start":{"line":6,"column":96},"end":{"line":13,"column":1}}}},"branchMap":{"0":{"loc":{"start":{"line":9,"column":4},"end":{"line":9,"column":69}},"type":"if","locations":[{"start":{"line":9,"column":4},"end":{"line":9,"column":69}}]},"1":{"loc":{"start":{"line":9,"column":8},"end":{"line":9,"column":54}},"type":"binary-expr","locations":[{"start":{"line":9,"column":8},"end":{"line":9,"column":35}},{"start":{"line":9,"column":39},"end":{"line":9,"column":54}}]},"2":{"loc":{"start":{"line":10,"column":4},"end":{"line":10,"column":48}},"type":"if","locations":[{"start":{"line":10,"column":4},"end":{"line":10,"column":48}}]}},"s":{"0":2,"1":2,"2":2,"3":20,"4":20,"5":20,"6":20,"7":10,"8":20,"9":2},"f":{"0":20},"b":{"0":[20],"1":[20,18],"2":[10]}}
,"C:\\Users\\gabriel.bezerra\\Desktop\\DEV\\api-challenge\\src\\app\\repositories\\BaseRepository.ts": {"path":"C:\\Users\\gabriel.bezerra\\Desktop\\DEV\\api-challenge\\src\\app\\repositories\\BaseRepository.ts","statementMap":{"0":{"start":{"line":1,"column":0},"end":{"line":1,"column":82}},"1":{"start":{"line":9,"column":8},"end":{"line":9,"column":27}},"2":{"start":{"line":13,"column":8},"end":{"line":13,"column":90}},"3":{"start":{"line":17,"column":8},"end":{"line":17,"column":97}},"4":{"start":{"line":21,"column":8},"end":{"line":21,"column":92}},"5":{"start":{"line":25,"column":8},"end":{"line":25,"column":95}},"6":{"start":{"line":29,"column":8},"end":{"line":29,"column":88}},"7":{"start":{"line":5,"column":0},"end":{"line":5,"column":21}}},"fnMap":{"0":{"name":"(anonymous_0)","decl":{"start":{"line":8,"column":4},"end":{"line":8,"column":16}},"loc":{"start":{"line":8,"column":53},"end":{"line":10,"column":5}}},"1":{"name":"(anonymous_1)","decl":{"start":{"line":12,"column":4},"end":{"line":12,"column":9}},"loc":{"start":{"line":12,"column":28},"end":{"line":14,"column":5}}},"2":{"name":"(anonymous_2)","decl":{"start":{"line":16,"column":4},"end":{"line":16,"column":9}},"loc":{"start":{"line":16,"column":28},"end":{"line":18,"column":5}}},"3":{"name":"(anonymous_3)","decl":{"start":{"line":20,"column":4},"end":{"line":20,"column":9}},"loc":{"start":{"line":20,"column":28},"end":{"line":22,"column":5}}},"4":{"name":"(anonymous_4)","decl":{"start":{"line":24,"column":4},"end":{"line":24,"column":9}},"loc":{"start":{"line":24,"column":42},"end":{"line":26,"column":5}}},"5":{"name":"(anonymous_5)","decl":{"start":{"line":28,"column":4},"end":{"line":28,"column":9}},"loc":{"start":{"line":28,"column":30},"end":{"line":30,"column":5}}}},"branchMap":{},"s":{"0":2,"1":4,"2":11,"3":9,"4":24,"5":1,"6":1,"7":2},"f":{"0":4,"1":11,"2":9,"3":24,"4":1,"5":1},"b":{}}
,"C:\\Users\\gabriel.bezerra\\Desktop\\DEV\\api-challenge\\src\\app\\repositories\\CitiesRepository.ts": {"path":"C:\\Users\\gabriel.bezerra\\Desktop\\DEV\\api-challenge\\src\\app\\repositories\\CitiesRepository.ts","statementMap":{"0":{"start":{"line":1,"column":0},"end":{"line":1,"column":40}},"1":{"start":{"line":2,"column":0},"end":{"line":2,"column":46}},"2":{"start":{"line":6,"column":8},"end":{"line":6,"column":22}},"3":{"start":{"line":10,"column":0},"end":{"line":10,"column":38}}},"fnMap":{"0":{"name":"(anonymous_1)","decl":{"start":{"line":5,"column":4},"end":{"line":5,"column":null}},"loc":{"start":{"line":5,"column":4},"end":{"line":7,"column":5}}}},"branchMap":{},"s":{"0":2,"1":2,"2":2,"3":2},"f":{"0":2},"b":{}}
,"C:\\Users\\gabriel.bezerra\\Desktop\\DEV\\api-challenge\\src\\app\\repositories\\ClientsRepository.ts": {"path":"C:\\Users\\gabriel.bezerra\\Desktop\\DEV\\api-challenge\\src\\app\\repositories\\ClientsRepository.ts","statementMap":{"0":{"start":{"line":1,"column":0},"end":{"line":1,"column":42}},"1":{"start":{"line":2,"column":0},"end":{"line":2,"column":46}},"2":{"start":{"line":6,"column":8},"end":{"line":6,"column":23}},"3":{"start":{"line":10,"column":0},"end":{"line":10,"column":39}}},"fnMap":{"0":{"name":"(anonymous_1)","decl":{"start":{"line":5,"column":4},"end":{"line":5,"column":null}},"loc":{"start":{"line":5,"column":4},"end":{"line":7,"column":5}}}},"branchMap":{},"s":{"0":2,"1":2,"2":2,"3":2},"f":{"0":2},"b":{}}
,"C:\\Users\\gabriel.bezerra\\Desktop\\DEV\\api-challenge\\src\\app\\services\\CitiesServices.ts": {"path":"C:\\Users\\gabriel.bezerra\\Desktop\\DEV\\api-challenge\\src\\app\\services\\CitiesServices.ts","statementMap":{"0":{"start":{"line":1,"column":0},"end":{"line":1,"column":64}},"1":{"start":{"line":3,"column":0},"end":{"line":3,"column":41}},"2":{"start":{"line":4,"column":0},"end":{"line":4,"column":49}},"3":{"start":{"line":8,"column":28},"end":{"line":8,"column":66}},"4":{"start":{"line":9,"column":8},"end":{"line":9,"column":69}},"5":{"start":{"line":9,"column":25},"end":{"line":9,"column":69}},"6":{"start":{"line":10,"column":24},"end":{"line":10,"column":61}},"7":{"start":{"line":11,"column":8},"end":{"line":11,"column":23}},"8":{"start":{"line":14,"column":40},"end":{"line":14,"column":45}},"9":{"start":{"line":14,"column":50},"end":{"line":14,"column":null}},"10":{"start":{"line":15,"column":23},"end":{"line":19,"column":10}},"11":{"start":{"line":20,"column":30},"end":{"line":20,"column":68}},"12":{"start":{"line":22,"column":8},"end":{"line":22,"column":70}},"13":{"start":{"line":22,"column":31},"end":{"line":22,"column":70}},"14":{"start":{"line":24,"column":23},"end":{"line":30,"column":10}},"15":{"start":{"line":31,"column":8},"end":{"line":31,"column":46}},"16":{"start":{"line":35,"column":0},"end":{"line":35,"column":36}}},"fnMap":{"0":{"name":"(anonymous_2)","decl":{"start":{"line":7,"column":11},"end":{"line":7,"column":16}},"loc":{"start":{"line":7,"column":35},"end":{"line":12,"column":5}}},"1":{"name":"(anonymous_3)","decl":{"start":{"line":14,"column":4},"end":{"line":14,"column":9}},"loc":{"start":{"line":14,"column":52},"end":{"line":32,"column":5}}}},"branchMap":{"0":{"loc":{"start":{"line":9,"column":8},"end":{"line":9,"column":69}},"type":"if","locations":[{"start":{"line":9,"column":8},"end":{"line":9,"column":69}}]},"1":{"loc":{"start":{"line":14,"column":20},"end":{"line":14,"column":28}},"type":"default-arg","locations":[{"start":{"line":14,"column":27},"end":{"line":14,"column":28}}]},"2":{"loc":{"start":{"line":14,"column":30},"end":{"line":14,"column":40}},"type":"default-arg","locations":[{"start":{"line":14,"column":38},"end":{"line":14,"column":40}}]},"3":{"loc":{"start":{"line":22,"column":8},"end":{"line":22,"column":70}},"type":"if","locations":[{"start":{"line":22,"column":8},"end":{"line":22,"column":70}}]}},"s":{"0":2,"1":2,"2":2,"3":9,"4":9,"5":2,"6":7,"7":7,"8":7,"9":7,"10":7,"11":7,"12":7,"13":3,"14":4,"15":4,"16":2},"f":{"0":9,"1":7},"b":{"0":[2],"1":[7],"2":[5],"3":[3]}}
,"C:\\Users\\gabriel.bezerra\\Desktop\\DEV\\api-challenge\\src\\app\\services\\ClientsServices.ts": {"path":"C:\\Users\\gabriel.bezerra\\Desktop\\DEV\\api-challenge\\src\\app\\services\\ClientsServices.ts","statementMap":{"0":{"start":{"line":1,"column":0},"end":{"line":1,"column":66}},"1":{"start":{"line":4,"column":0},"end":{"line":4,"column":41}},"2":{"start":{"line":5,"column":0},"end":{"line":5,"column":37}},"3":{"start":{"line":6,"column":0},"end":{"line":6,"column":57}},"4":{"start":{"line":7,"column":0},"end":{"line":7,"column":64}},"5":{"start":{"line":11,"column":24},"end":{"line":11,"column":70}},"6":{"start":{"line":12,"column":8},"end":{"line":12,"column":70}},"7":{"start":{"line":12,"column":22},"end":{"line":12,"column":70}},"8":{"start":{"line":14,"column":26},"end":{"line":14,"column":62}},"9":{"start":{"line":15,"column":8},"end":{"line":15,"column":25}},"10":{"start":{"line":18,"column":40},"end":{"line":18,"column":45}},"11":{"start":{"line":18,"column":50},"end":{"line":18,"column":null}},"12":{"start":{"line":19,"column":23},"end":{"line":24,"column":10}},"13":{"start":{"line":25,"column":33},"end":{"line":25,"column":72}},"14":{"start":{"line":27,"column":8},"end":{"line":27,"column":73}},"15":{"start":{"line":27,"column":34},"end":{"line":27,"column":73}},"16":{"start":{"line":29,"column":23},"end":{"line":35,"column":10}},"17":{"start":{"line":36,"column":8},"end":{"line":36,"column":32}},"18":{"start":{"line":40,"column":23},"end":{"line":40,"column":104}},"19":{"start":{"line":41,"column":8},"end":{"line":41,"column":60}},"20":{"start":{"line":41,"column":21},"end":{"line":41,"column":60}},"21":{"start":{"line":43,"column":8},"end":{"line":43,"column":40}},"22":{"start":{"line":47,"column":23},"end":{"line":47,"column":58}},"23":{"start":{"line":48,"column":8},"end":{"line":48,"column":60}},"24":{"start":{"line":48,"column":21},"end":{"line":48,"column":60}},"25":{"start":{"line":49,"column":8},"end":{"line":49,"column":71}},"26":{"start":{"line":53,"column":23},"end":{"line":53,"column":58}},"27":{"start":{"line":54,"column":8},"end":{"line":54,"column":60}},"28":{"start":{"line":54,"column":21},"end":{"line":54,"column":60}},"29":{"start":{"line":55,"column":8},"end":{"line":55,"column":46}},"30":{"start":{"line":59,"column":0},"end":{"line":59,"column":37}}},"fnMap":{"0":{"name":"(anonymous_2)","decl":{"start":{"line":10,"column":4},"end":{"line":10,"column":9}},"loc":{"start":{"line":10,"column":29},"end":{"line":16,"column":5}}},"1":{"name":"(anonymous_3)","decl":{"start":{"line":18,"column":4},"end":{"line":18,"column":9}},"loc":{"start":{"line":18,"column":52},"end":{"line":37,"column":5}}},"2":{"name":"(anonymous_4)","decl":{"start":{"line":39,"column":4},"end":{"line":39,"column":9}},"loc":{"start":{"line":39,"column":35},"end":{"line":44,"column":5}}},"3":{"name":"(anonymous_5)","decl":{"start":{"line":46,"column":4},"end":{"line":46,"column":9}},"loc":{"start":{"line":46,"column":44},"end":{"line":50,"column":5}}},"4":{"name":"(anonymous_6)","decl":{"start":{"line":52,"column":4},"end":{"line":52,"column":9}},"loc":{"start":{"line":52,"column":30},"end":{"line":56,"column":5}}}},"branchMap":{"0":{"loc":{"start":{"line":12,"column":8},"end":{"line":12,"column":70}},"type":"if","locations":[{"start":{"line":12,"column":8},"end":{"line":12,"column":70}}]},"1":{"loc":{"start":{"line":18,"column":20},"end":{"line":18,"column":28}},"type":"default-arg","locations":[{"start":{"line":18,"column":27},"end":{"line":18,"column":28}}]},"2":{"loc":{"start":{"line":18,"column":30},"end":{"line":18,"column":40}},"type":"default-arg","locations":[{"start":{"line":18,"column":38},"end":{"line":18,"column":40}}]},"3":{"loc":{"start":{"line":27,"column":8},"end":{"line":27,"column":73}},"type":"if","locations":[{"start":{"line":27,"column":8},"end":{"line":27,"column":73}}]},"4":{"loc":{"start":{"line":41,"column":8},"end":{"line":41,"column":60}},"type":"if","locations":[{"start":{"line":41,"column":8},"end":{"line":41,"column":60}}]},"5":{"loc":{"start":{"line":48,"column":8},"end":{"line":48,"column":60}},"type":"if","locations":[{"start":{"line":48,"column":8},"end":{"line":48,"column":60}}]},"6":{"loc":{"start":{"line":54,"column":8},"end":{"line":54,"column":60}},"type":"if","locations":[{"start":{"line":54,"column":8},"end":{"line":54,"column":60}}]}},"s":{"0":2,"1":2,"2":2,"3":2,"4":2,"5":5,"6":5,"7":1,"8":4,"9":4,"10":2,"11":2,"12":2,"13":2,"14":2,"15":1,"16":1,"17":1,"18":6,"19":6,"20":3,"21":3,"22":2,"23":2,"24":1,"25":1,"26":2,"27":2,"28":1,"29":1,"30":2},"f":{"0":5,"1":2,"2":6,"3":2,"4":2},"b":{"0":[1],"1":[2],"2":[1],"3":[1],"4":[3],"5":[1],"6":[1]}}
,"C:\\Users\\gabriel.bezerra\\Desktop\\DEV\\api-challenge\\src\\app\\utils\\ClientSerializer.ts": {"path":"C:\\Users\\gabriel.bezerra\\Desktop\\DEV\\api-challenge\\src\\app\\utils\\ClientSerializer.ts","statementMap":{"0":{"start":{"line":3,"column":25},"end":{"line":16,"column":1}},"1":{"start":{"line":4,"column":31},"end":{"line":4,"column":42}},"2":{"start":{"line":5,"column":4},"end":{"line":15,"column":6}},"3":{"start":{"line":18,"column":0},"end":{"line":18,"column":32}}},"fnMap":{"0":{"name":"(anonymous_0)","decl":{"start":{"line":3,"column":25},"end":{"line":3,"column":26}},"loc":{"start":{"line":3,"column":104},"end":{"line":16,"column":1}}}},"branchMap":{},"s":{"0":2,"1":4,"2":4,"3":2},"f":{"0":4},"b":{}}
,"C:\\Users\\gabriel.bezerra\\Desktop\\DEV\\api-challenge\\src\\app\\utils\\errorSerializer.ts": {"path":"C:\\Users\\gabriel.bezerra\\Desktop\\DEV\\api-challenge\\src\\app\\utils\\errorSerializer.ts","statementMap":{"0":{"start":{"line":1,"column":26},"end":{"line":7,"column":1}},"1":{"start":{"line":2,"column":26},"end":{"line":5,"column":7}},"2":{"start":{"line":2,"column":63},"end":{"line":5,"column":6}},"3":{"start":{"line":6,"column":4},"end":{"line":6,"column":25}},"4":{"start":{"line":1,"column":13},"end":{"line":1,"column":26}}},"fnMap":{"0":{"name":"(anonymous_0)","decl":{"start":{"line":1,"column":26},"end":{"line":1,"column":27}},"loc":{"start":{"line":1,"column":41},"end":{"line":7,"column":1}}},"1":{"name":"(anonymous_1)","decl":{"start":{"line":2,"column":44},"end":{"line":2,"column":45}},"loc":{"start":{"line":2,"column":63},"end":{"line":5,"column":6}}}},"branchMap":{},"s":{"0":2,"1":8,"2":15,"3":8,"4":2},"f":{"0":8,"1":15},"b":{}}
,"C:\\Users\\gabriel.bezerra\\Desktop\\DEV\\api-challenge\\src\\app\\utils\\genderEnum.ts": {"path":"C:\\Users\\gabriel.bezerra\\Desktop\\DEV\\api-challenge\\src\\app\\utils\\genderEnum.ts","statementMap":{"0":{"start":{"line":1,"column":0},"end":{"line":1,"column":null}},"1":{"start":{"line":2,"column":4},"end":{"line":2,"column":null}},"2":{"start":{"line":3,"column":4},"end":{"line":3,"column":null}},"3":{"start":{"line":4,"column":4},"end":{"line":4,"column":null}}},"fnMap":{"0":{"name":"(anonymous_0)","decl":{"start":{"line":1,"column":0},"end":{"line":1,"column":12}},"loc":{"start":{"line":1,"column":18},"end":{"line":5,"column":1}}}},"branchMap":{"0":{"loc":{"start":{"line":1,"column":12},"end":{"line":1,"column":null}},"type":"binary-expr","locations":[{"start":{"line":1,"column":12},"end":{"line":1,"column":18}},{"start":{"line":1,"column":12},"end":{"line":1,"column":null}}]}},"s":{"0":2,"1":2,"2":2,"3":2},"f":{"0":2},"b":{"0":[2,2]}}
,"C:\\Users\\gabriel.bezerra\\Desktop\\DEV\\api-challenge\\src\\app\\utils\\paginate.ts": {"path":"C:\\Users\\gabriel.bezerra\\Desktop\\DEV\\api-challenge\\src\\app\\utils\\paginate.ts","statementMap":{"0":{"start":{"line":3,"column":17},"end":{"line":21,"column":1}},"1":{"start":{"line":4,"column":20},"end":{"line":4,"column":24}},"2":{"start":{"line":5,"column":4},"end":{"line":7,"column":null}},"3":{"start":{"line":6,"column":8},"end":{"line":6,"column":18}},"4":{"start":{"line":8,"column":4},"end":{"line":13,"column":null}},"5":{"start":{"line":12,"column":8},"end":{"line":12,"column":19}},"6":{"start":{"line":14,"column":4},"end":{"line":20,"column":6}},"7":{"start":{"line":23,"column":0},"end":{"line":23,"column":24}}},"fnMap":{"0":{"name":"(anonymous_0)","decl":{"start":{"line":3,"column":17},"end":{"line":3,"column":18}},"loc":{"start":{"line":3,"column":43},"end":{"line":21,"column":1}}}},"branchMap":{"0":{"loc":{"start":{"line":5,"column":4},"end":{"line":7,"column":null}},"type":"if","locations":[{"start":{"line":5,"column":4},"end":{"line":7,"column":null}}]},"1":{"loc":{"start":{"line":8,"column":4},"end":{"line":13,"column":null}},"type":"if","locations":[{"start":{"line":8,"column":4},"end":{"line":13,"column":null}}]},"2":{"loc":{"start":{"line":9,"column":8},"end":{"line":10,"column":64}},"type":"binary-expr","locations":[{"start":{"line":9,"column":8},"end":{"line":9,"column":66}},{"start":{"line":10,"column":8},"end":{"line":10,"column":64}}]}},"s":{"0":2,"1":5,"2":5,"3":3,"4":5,"5":3,"6":5,"7":2},"f":{"0":5},"b":{"0":[3],"1":[3],"2":[5,2]}}
,"C:\\Users\\gabriel.bezerra\\Desktop\\DEV\\api-challenge\\src\\app\\validations\\index.ts": {"path":"C:\\Users\\gabriel.bezerra\\Desktop\\DEV\\api-challenge\\src\\app\\validations\\index.ts","statementMap":{"0":{"start":{"line":1,"column":0},"end":{"line":1,"column":7}},"1":{"start":{"line":9,"column":4},"end":{"line":1,"column":63}},"2":{"start":{"line":2,"column":0},"end":{"line":2,"column":7}},"3":{"start":{"line":10,"column":4},"end":{"line":2,"column":53}},"4":{"start":{"line":3,"column":0},"end":{"line":3,"column":7}},"5":{"start":{"line":11,"column":4},"end":{"line":3,"column":68}},"6":{"start":{"line":4,"column":0},"end":{"line":4,"column":7}},"7":{"start":{"line":12,"column":4},"end":{"line":4,"column":58}},"8":{"start":{"line":5,"column":0},"end":{"line":5,"column":7}},"9":{"start":{"line":13,"column":4},"end":{"line":5,"column":50}},"10":{"start":{"line":6,"column":0},"end":{"line":6,"column":7}},"11":{"start":{"line":14,"column":4},"end":{"line":6,"column":68}}},"fnMap":{},"branchMap":{},"s":{"0":2,"1":2,"2":2,"3":2,"4":2,"5":2,"6":2,"7":2,"8":2,"9":2,"10":2,"11":2},"f":{},"b":{}}
,"C:\\Users\\gabriel.bezerra\\Desktop\\DEV\\api-challenge\\src\\app\\validations\\cities\\cityQueryValidation.ts": {"path":"C:\\Users\\gabriel.bezerra\\Desktop\\DEV\\api-challenge\\src\\app\\validations\\cities\\cityQueryValidation.ts","statementMap":{"0":{"start":{"line":2,"column":0},"end":{"line":2,"column":22}},"1":{"start":{"line":3,"column":0},"end":{"line":3,"column":57}},"2":{"start":{"line":5,"column":0},"end":{"line":21,"column":2}},"3":{"start":{"line":6,"column":4},"end":{"line":20,"column":null}},"4":{"start":{"line":7,"column":23},"end":{"line":13,"column":10}},"5":{"start":{"line":15,"column":26},"end":{"line":15,"column":75}},"6":{"start":{"line":16,"column":8},"end":{"line":16,"column":31}},"7":{"start":{"line":16,"column":19},"end":{"line":16,"column":31}},"8":{"start":{"line":17,"column":8},"end":{"line":17,"column":22}},"9":{"start":{"line":19,"column":8},"end":{"line":19,"column":39}}},"fnMap":{"0":{"name":"(anonymous_1)","decl":{"start":{"line":5,"column":15},"end":{"line":5,"column":20}},"loc":{"start":{"line":5,"column":73},"end":{"line":21,"column":1}}}},"branchMap":{"0":{"loc":{"start":{"line":16,"column":8},"end":{"line":16,"column":31}},"type":"if","locations":[{"start":{"line":16,"column":8},"end":{"line":16,"column":31}}]}},"s":{"0":2,"1":2,"2":2,"3":8,"4":8,"5":8,"6":8,"7":1,"8":7,"9":1},"f":{"0":8},"b":{"0":[1]}}
,"C:\\Users\\gabriel.bezerra\\Desktop\\DEV\\api-challenge\\src\\app\\validations\\cities\\cityValidation.ts": {"path":"C:\\Users\\gabriel.bezerra\\Desktop\\DEV\\api-challenge\\src\\app\\validations\\cities\\cityValidation.ts","statementMap":{"0":{"start":{"line":2,"column":0},"end":{"line":2,"column":22}},"1":{"start":{"line":3,"column":0},"end":{"line":3,"column":57}},"2":{"start":{"line":5,"column":0},"end":{"line":18,"column":2}},"3":{"start":{"line":6,"column":4},"end":{"line":17,"column":null}},"4":{"start":{"line":7,"column":23},"end":{"line":10,"column":10}},"5":{"start":{"line":12,"column":26},"end":{"line":12,"column":74}},"6":{"start":{"line":13,"column":8},"end":{"line":13,"column":31}},"7":{"start":{"line":13,"column":19},"end":{"line":13,"column":31}},"8":{"start":{"line":14,"column":8},"end":{"line":14,"column":22}},"9":{"start":{"line":16,"column":8},"end":{"line":16,"column":39}}},"fnMap":{"0":{"name":"(anonymous_1)","decl":{"start":{"line":5,"column":15},"end":{"line":5,"column":20}},"loc":{"start":{"line":5,"column":73},"end":{"line":18,"column":1}}}},"branchMap":{"0":{"loc":{"start":{"line":13,"column":8},"end":{"line":13,"column":31}},"type":"if","locations":[{"start":{"line":13,"column":8},"end":{"line":13,"column":31}}]}},"s":{"0":2,"1":2,"2":2,"3":10,"4":10,"5":10,"6":10,"7":1,"8":9,"9":1},"f":{"0":10},"b":{"0":[1]}}
,"C:\\Users\\gabriel.bezerra\\Desktop\\DEV\\api-challenge\\src\\app\\validations\\clients\\clientQueryValidation.ts": {"path":"C:\\Users\\gabriel.bezerra\\Desktop\\DEV\\api-challenge\\src\\app\\validations\\clients\\clientQueryValidation.ts","statementMap":{"0":{"start":{"line":2,"column":0},"end":{"line":2,"column":22}},"1":{"start":{"line":3,"column":0},"end":{"line":3,"column":57}},"2":{"start":{"line":5,"column":0},"end":{"line":23,"column":2}},"3":{"start":{"line":6,"column":4},"end":{"line":22,"column":null}},"4":{"start":{"line":7,"column":23},"end":{"line":15,"column":10}},"5":{"start":{"line":17,"column":26},"end":{"line":17,"column":75}},"6":{"start":{"line":18,"column":8},"end":{"line":18,"column":31}},"7":{"start":{"line":18,"column":19},"end":{"line":18,"column":31}},"8":{"start":{"line":19,"column":8},"end":{"line":19,"column":22}},"9":{"start":{"line":21,"column":8},"end":{"line":21,"column":39}}},"fnMap":{"0":{"name":"(anonymous_1)","decl":{"start":{"line":5,"column":15},"end":{"line":5,"column":20}},"loc":{"start":{"line":5,"column":73},"end":{"line":23,"column":1}}}},"branchMap":{"0":{"loc":{"start":{"line":18,"column":8},"end":{"line":18,"column":31}},"type":"if","locations":[{"start":{"line":18,"column":8},"end":{"line":18,"column":31}}]}},"s":{"0":2,"1":2,"2":2,"3":3,"4":3,"5":3,"6":3,"7":1,"8":2,"9":1},"f":{"0":3},"b":{"0":[1]}}
,"C:\\Users\\gabriel.bezerra\\Desktop\\DEV\\api-challenge\\src\\app\\validations\\clients\\clientValidation.ts": {"path":"C:\\Users\\gabriel.bezerra\\Desktop\\DEV\\api-challenge\\src\\app\\validations\\clients\\clientValidation.ts","statementMap":{"0":{"start":{"line":2,"column":0},"end":{"line":2,"column":22}},"1":{"start":{"line":3,"column":0},"end":{"line":3,"column":57}},"2":{"start":{"line":5,"column":0},"end":{"line":21,"column":2}},"3":{"start":{"line":6,"column":4},"end":{"line":20,"column":null}},"4":{"start":{"line":7,"column":23},"end":{"line":13,"column":10}},"5":{"start":{"line":15,"column":26},"end":{"line":15,"column":74}},"6":{"start":{"line":16,"column":8},"end":{"line":16,"column":31}},"7":{"start":{"line":16,"column":19},"end":{"line":16,"column":31}},"8":{"start":{"line":17,"column":8},"end":{"line":17,"column":22}},"9":{"start":{"line":19,"column":8},"end":{"line":19,"column":39}}},"fnMap":{"0":{"name":"(anonymous_1)","decl":{"start":{"line":5,"column":15},"end":{"line":5,"column":20}},"loc":{"start":{"line":5,"column":73},"end":{"line":21,"column":1}}}},"branchMap":{"0":{"loc":{"start":{"line":16,"column":8},"end":{"line":16,"column":31}},"type":"if","locations":[{"start":{"line":16,"column":8},"end":{"line":16,"column":31}}]}},"s":{"0":2,"1":2,"2":2,"3":6,"4":6,"5":6,"6":6,"7":1,"8":5,"9":1},"f":{"0":6},"b":{"0":[1]}}
,"C:\\Users\\gabriel.bezerra\\Desktop\\DEV\\api-challenge\\src\\app\\validations\\clients\\patchClientValidation.ts": {"path":"C:\\Users\\gabriel.bezerra\\Desktop\\DEV\\api-challenge\\src\\app\\validations\\clients\\patchClientValidation.ts","statementMap":{"0":{"start":{"line":2,"column":0},"end":{"line":2,"column":22}},"1":{"start":{"line":3,"column":0},"end":{"line":3,"column":57}},"2":{"start":{"line":5,"column":0},"end":{"line":17,"column":2}},"3":{"start":{"line":6,"column":4},"end":{"line":16,"column":null}},"4":{"start":{"line":7,"column":23},"end":{"line":9,"column":10}},"5":{"start":{"line":11,"column":26},"end":{"line":11,"column":74}},"6":{"start":{"line":12,"column":8},"end":{"line":12,"column":31}},"7":{"start":{"line":12,"column":19},"end":{"line":12,"column":31}},"8":{"start":{"line":13,"column":8},"end":{"line":13,"column":22}},"9":{"start":{"line":15,"column":8},"end":{"line":15,"column":39}}},"fnMap":{"0":{"name":"(anonymous_1)","decl":{"start":{"line":5,"column":15},"end":{"line":5,"column":20}},"loc":{"start":{"line":5,"column":73},"end":{"line":17,"column":1}}}},"branchMap":{"0":{"loc":{"start":{"line":12,"column":8},"end":{"line":12,"column":31}},"type":"if","locations":[{"start":{"line":12,"column":8},"end":{"line":12,"column":31}}]}},"s":{"0":2,"1":2,"2":2,"3":3,"4":3,"5":3,"6":3,"7":1,"8":2,"9":1},"f":{"0":3},"b":{"0":[1]}}
,"C:\\Users\\gabriel.bezerra\\Desktop\\DEV\\api-challenge\\src\\app\\validations\\general\\idValidation.ts": {"path":"C:\\Users\\gabriel.bezerra\\Desktop\\DEV\\api-challenge\\src\\app\\validations\\general\\idValidation.ts","statementMap":{"0":{"start":{"line":2,"column":0},"end":{"line":2,"column":22}},"1":{"start":{"line":3,"column":0},"end":{"line":3,"column":57}},"2":{"start":{"line":5,"column":0},"end":{"line":17,"column":2}},"3":{"start":{"line":6,"column":4},"end":{"line":16,"column":null}},"4":{"start":{"line":7,"column":23},"end":{"line":9,"column":10}},"5":{"start":{"line":11,"column":26},"end":{"line":11,"column":76}},"6":{"start":{"line":12,"column":8},"end":{"line":12,"column":31}},"7":{"start":{"line":12,"column":19},"end":{"line":12,"column":31}},"8":{"start":{"line":13,"column":8},"end":{"line":13,"column":22}},"9":{"start":{"line":15,"column":8},"end":{"line":15,"column":39}}},"fnMap":{"0":{"name":"(anonymous_1)","decl":{"start":{"line":5,"column":15},"end":{"line":5,"column":20}},"loc":{"start":{"line":5,"column":73},"end":{"line":17,"column":1}}}},"branchMap":{"0":{"loc":{"start":{"line":12,"column":8},"end":{"line":12,"column":31}},"type":"if","locations":[{"start":{"line":12,"column":8},"end":{"line":12,"column":31}}]}},"s":{"0":2,"1":2,"2":2,"3":12,"4":12,"5":12,"6":12,"7":3,"8":9,"9":3},"f":{"0":12},"b":{"0":[3]}}
,"C:\\Users\\gabriel.bezerra\\Desktop\\DEV\\api-challenge\\src\\infra\\db\\postgres\\index.ts": {"path":"C:\\Users\\gabriel.bezerra\\Desktop\\DEV\\api-challenge\\src\\infra\\db\\postgres\\index.ts","statementMap":{"0":{"start":{"line":2,"column":0},"end":{"line":2,"column":65}},"1":{"start":{"line":4,"column":19},"end":{"line":7,"column":1}},"2":{"start":{"line":5,"column":30},"end":{"line":5,"column":78}},"3":{"start":{"line":6,"column":4},"end":{"line":6,"column":47}},"4":{"start":{"line":8,"column":0},"end":{"line":8,"column":26}},"5":{"start":{"line":9,"column":0},"end":{"line":9,"column":26}}},"fnMap":{"0":{"name":"(anonymous_0)","decl":{"start":{"line":4,"column":19},"end":{"line":4,"column":24}},"loc":{"start":{"line":4,"column":30},"end":{"line":7,"column":1}}}},"branchMap":{},"s":{"0":2,"1":2,"2":2,"3":2,"4":2,"5":2},"f":{"0":2},"b":{}}
,"C:\\Users\\gabriel.bezerra\\Desktop\\DEV\\api-challenge\\src\\routes\\cities.routes.ts": {"path":"C:\\Users\\gabriel.bezerra\\Desktop\\DEV\\api-challenge\\src\\routes\\cities.routes.ts","statementMap":{"0":{"start":{"line":2,"column":0},"end":{"line":2,"column":67}},"1":{"start":{"line":3,"column":0},"end":{"line":3,"column":64}},"2":{"start":{"line":4,"column":0},"end":{"line":4,"column":73}},"3":{"start":{"line":6,"column":0},"end":{"line":13,"column":2}},"4":{"start":{"line":7,"column":4},"end":{"line":7,"column":73}},"5":{"start":{"line":8,"column":4},"end":{"line":8,"column":93}},"6":{"start":{"line":9,"column":4},"end":{"line":9,"column":85}},"7":{"start":{"line":10,"column":4},"end":{"line":10,"column":68}},"8":{"start":{"line":12,"column":4},"end":{"line":12,"column":48}}},"fnMap":{"0":{"name":"(anonymous_1)","decl":{"start":{"line":6,"column":15},"end":{"line":6,"column":20}},"loc":{"start":{"line":6,"column":81},"end":{"line":13,"column":1}}}},"branchMap":{"0":{"loc":{"start":{"line":6,"column":59},"end":{"line":6,"column":77}},"type":"default-arg","locations":[{"start":{"line":6,"column":68},"end":{"line":6,"column":77}}]}},"s":{"0":2,"1":2,"2":2,"3":2,"4":41,"5":41,"6":41,"7":41,"8":41},"f":{"0":41},"b":{"0":[41]}}
,"C:\\Users\\gabriel.bezerra\\Desktop\\DEV\\api-challenge\\src\\routes\\clients.routes.ts": {"path":"C:\\Users\\gabriel.bezerra\\Desktop\\DEV\\api-challenge\\src\\routes\\clients.routes.ts","statementMap":{"0":{"start":{"line":2,"column":0},"end":{"line":2,"column":69}},"1":{"start":{"line":3,"column":0},"end":{"line":3,"column":64}},"2":{"start":{"line":5,"column":0},"end":{"line":5,"column":114}},"3":{"start":{"line":7,"column":0},"end":{"line":16,"column":2}},"4":{"start":{"line":8,"column":4},"end":{"line":8,"column":72}},"5":{"start":{"line":9,"column":4},"end":{"line":9,"column":77}},"6":{"start":{"line":10,"column":4},"end":{"line":10,"column":76}},"7":{"start":{"line":11,"column":4},"end":{"line":11,"column":71}},"8":{"start":{"line":12,"column":4},"end":{"line":12,"column":100}},"9":{"start":{"line":13,"column":4},"end":{"line":13,"column":77}},"10":{"start":{"line":15,"column":4},"end":{"line":15,"column":48}}},"fnMap":{"0":{"name":"(anonymous_1)","decl":{"start":{"line":7,"column":15},"end":{"line":7,"column":16}},"loc":{"start":{"line":7,"column":75},"end":{"line":16,"column":1}}}},"branchMap":{"0":{"loc":{"start":{"line":7,"column":53},"end":{"line":7,"column":71}},"type":"default-arg","locations":[{"start":{"line":7,"column":62},"end":{"line":7,"column":71}}]}},"s":{"0":2,"1":2,"2":2,"3":2,"4":41,"5":41,"6":41,"7":41,"8":41,"9":41,"10":41},"f":{"0":41},"b":{"0":[41]}}
,"C:\\Users\\gabriel.bezerra\\Desktop\\DEV\\api-challenge\\src\\routes\\docs.routes.ts": {"path":"C:\\Users\\gabriel.bezerra\\Desktop\\DEV\\api-challenge\\src\\routes\\docs.routes.ts","statementMap":{"0":{"start":{"line":2,"column":0},"end":{"line":2,"column":43}},"1":{"start":{"line":3,"column":0},"end":{"line":3,"column":47}},"2":{"start":{"line":5,"column":0},"end":{"line":9,"column":2}},"3":{"start":{"line":6,"column":4},"end":{"line":6,"column":71}},"4":{"start":{"line":8,"column":4},"end":{"line":8,"column":31}}},"fnMap":{"0":{"name":"(anonymous_1)","decl":{"start":{"line":5,"column":15},"end":{"line":5,"column":20}},"loc":{"start":{"line":5,"column":81},"end":{"line":9,"column":1}}}},"branchMap":{"0":{"loc":{"start":{"line":5,"column":59},"end":{"line":5,"column":77}},"type":"default-arg","locations":[{"start":{"line":5,"column":68},"end":{"line":5,"column":77}}]}},"s":{"0":2,"1":2,"2":2,"3":41,"4":41},"f":{"0":41},"b":{"0":[41]}}
,"C:\\Users\\gabriel.bezerra\\Desktop\\DEV\\api-challenge\\src\\routes\\index.ts": {"path":"C:\\Users\\gabriel.bezerra\\Desktop\\DEV\\api-challenge\\src\\routes\\index.ts","statementMap":{"0":{"start":{"line":1,"column":0},"end":{"line":1,"column":79}},"1":{"start":{"line":2,"column":0},"end":{"line":2,"column":39}},"2":{"start":{"line":3,"column":0},"end":{"line":3,"column":37}},"3":{"start":{"line":4,"column":0},"end":{"line":4,"column":33}},"4":{"start":{"line":5,"column":0},"end":{"line":5,"column":30}},"5":{"start":{"line":7,"column":0},"end":{"line":15,"column":2}},"6":{"start":{"line":8,"column":4},"end":{"line":14,"column":7}},"7":{"start":{"line":9,"column":8},"end":{"line":9,"column":34}},"8":{"start":{"line":10,"column":8},"end":{"line":10,"column":33}},"9":{"start":{"line":11,"column":8},"end":{"line":11,"column":31}},"10":{"start":{"line":13,"column":8},"end":{"line":13,"column":15}}},"fnMap":{"0":{"name":"(anonymous_1)","decl":{"start":{"line":7,"column":15},"end":{"line":7,"column":20}},"loc":{"start":{"line":7,"column":45},"end":{"line":15,"column":1}}},"1":{"name":"(anonymous_2)","decl":{"start":{"line":8,"column":15},"end":{"line":8,"column":16}},"loc":{"start":{"line":8,"column":67},"end":{"line":14,"column":5}}}},"branchMap":{},"s":{"0":2,"1":2,"2":2,"3":2,"4":2,"5":2,"6":2,"7":41,"8":41,"9":41,"10":41},"f":{"0":2,"1":41},"b":{}}
}
