TN:
SF:src\app.ts
FN:8,(anonymous_1)
FN:14,(anonymous_2)
FN:18,(anonymous_3)
FNF:3
FNH:3
FNDA:2,(anonymous_1)
FNDA:2,(anonymous_2)
FNDA:2,(anonymous_3)
DA:1,2
DA:2,2
DA:3,2
DA:9,2
DA:10,2
DA:11,2
DA:15,2
DA:19,2
DA:22,2
LF:9
LH:9
BRF:0
BRH:0
end_of_record
TN:
SF:src\app\controllers\CitiesController.ts
FN:5,(anonymous_1)
FN:14,(anonymous_2)
FN:23,(anonymous_3)
FN:33,(anonymous_4)
FNF:4
FNH:4
FNDA:9,(anonymous_1)
FNDA:3,(anonymous_2)
FNDA:2,(anonymous_3)
FNDA:2,(anonymous_4)
DA:2,2
DA:6,9
DA:7,9
DA:8,7
DA:10,2
DA:15,3
DA:16,3
DA:17,2
DA:19,1
DA:24,2
DA:25,2
DA:26,2
DA:27,1
DA:29,1
DA:34,2
DA:35,2
DA:36,2
DA:37,1
DA:39,1
DA:44,2
LF:20
LH:20
BRF:0
BRH:0
end_of_record
TN:
SF:src\app\controllers\ClientsController.ts
FN:5,(anonymous_1)
FN:14,(anonymous_2)
FN:23,(anonymous_3)
FN:32,(anonymous_4)
FN:41,(anonymous_5)
FN:50,(anonymous_6)
FNF:6
FNH:6
FNDA:5,(anonymous_1)
FNDA:2,(anonymous_2)
FNDA:4,(anonymous_3)
FNDA:2,(anonymous_4)
FNDA:2,(anonymous_5)
FNDA:2,(anonymous_6)
DA:2,2
DA:6,5
DA:7,5
DA:8,4
DA:10,1
DA:15,2
DA:16,2
DA:17,1
DA:19,1
DA:24,4
DA:25,4
DA:26,2
DA:28,2
DA:33,2
DA:34,2
DA:35,1
DA:37,1
DA:42,2
DA:43,2
DA:44,1
DA:46,1
DA:51,2
DA:52,2
DA:53,1
DA:55,1
DA:60,2
LF:26
LH:26
BRF:0
BRH:0
end_of_record
TN:
SF:src\app\entities\Cities.ts
FNF:0
FNH:0
DA:1,2
DA:4,2
DA:6,2
DA:9,2
DA:12,2
LF:5
LH:5
BRF:0
BRH:0
end_of_record
TN:
SF:src\app\entities\Clients.ts
FN:28,(anonymous_3)
FNF:1
FNH:1
FNDA:2,(anonymous_3)
DA:1,2
DA:2,2
DA:3,2
DA:6,2
DA:8,2
DA:11,2
DA:17,2
DA:20,2
DA:23,2
DA:26,2
DA:28,2
DA:30,2
DA:33,2
LF:13
LH:13
BRF:0
BRH:0
end_of_record
TN:
SF:src\app\errors\BadRequest.ts
FN:4,(anonymous_0)
FNF:1
FNH:1
FNDA:2,(anonymous_0)
DA:1,2
DA:5,2
DA:6,2
DA:7,2
LF:4
LH:4
BRF:0
BRH:0
end_of_record
TN:
SF:src\app\errors\NotFound.ts
FN:4,(anonymous_0)
FNF:1
FNH:1
FNDA:10,(anonymous_0)
DA:1,2
DA:5,10
DA:6,10
DA:7,10
LF:4
LH:4
BRF:0
BRH:0
end_of_record
TN:
SF:src\app\errors\index.ts
FNF:0
FNH:0
DA:1,2
DA:2,2
DA:4,2
LF:3
LH:3
BRF:0
BRH:0
end_of_record
TN:
SF:src\app\middlewares\errorMidleware.ts
FN:5,(anonymous_0)
FNF:1
FNH:1
FNDA:20,(anonymous_0)
DA:2,2
DA:3,2
DA:5,2
DA:6,20
DA:8,20
DA:9,20
DA:10,20
DA:12,2
LF:8
LH:8
BRDA:8,0,0,20
BRDA:8,1,0,20
BRDA:8,1,1,18
BRDA:9,2,0,10
BRF:4
BRH:4
end_of_record
TN:
SF:src\app\repositories\BaseRepository.ts
FN:8,(anonymous_0)
FN:12,(anonymous_1)
FN:16,(anonymous_2)
FN:20,(anonymous_3)
FN:24,(anonymous_4)
FN:28,(anonymous_5)
FNF:6
FNH:6
FNDA:4,(anonymous_0)
FNDA:11,(anonymous_1)
FNDA:9,(anonymous_2)
FNDA:24,(anonymous_3)
FNDA:1,(anonymous_4)
FNDA:1,(anonymous_5)
DA:1,2
DA:5,2
DA:9,4
DA:13,11
DA:17,9
DA:21,24
DA:25,1
DA:29,1
LF:8
LH:8
BRF:0
BRH:0
end_of_record
TN:
SF:src\app\repositories\CitiesRepository.ts
FN:5,(anonymous_1)
FNF:1
FNH:1
FNDA:2,(anonymous_1)
DA:1,2
DA:2,2
DA:6,2
DA:10,2
LF:4
LH:4
BRF:0
BRH:0
end_of_record
TN:
SF:src\app\repositories\ClientsRepository.ts
FN:5,(anonymous_1)
FNF:1
FNH:1
FNDA:2,(anonymous_1)
DA:1,2
DA:2,2
DA:6,2
DA:10,2
LF:4
LH:4
BRF:0
BRH:0
end_of_record
TN:
SF:src\app\services\CitiesServices.ts
FN:7,(anonymous_2)
FN:14,(anonymous_3)
FNF:2
FNH:2
FNDA:9,(anonymous_2)
FNDA:7,(anonymous_3)
DA:1,2
DA:3,2
DA:4,2
DA:8,9
DA:9,9
DA:10,7
DA:11,7
DA:14,7
DA:15,7
DA:20,7
DA:22,7
DA:24,4
DA:31,4
DA:35,2
LF:14
LH:14
BRDA:9,0,0,2
BRDA:14,1,0,7
BRDA:14,2,0,5
BRDA:22,3,0,3
BRF:4
BRH:4
end_of_record
TN:
SF:src\app\services\ClientsServices.ts
FN:10,(anonymous_2)
FN:18,(anonymous_3)
FN:39,(anonymous_4)
FN:46,(anonymous_5)
FN:52,(anonymous_6)
FNF:5
FNH:5
FNDA:5,(anonymous_2)
FNDA:2,(anonymous_3)
FNDA:6,(anonymous_4)
FNDA:2,(anonymous_5)
FNDA:2,(anonymous_6)
DA:1,2
DA:4,2
DA:5,2
DA:6,2
DA:7,2
DA:11,5
DA:12,5
DA:14,4
DA:15,4
DA:18,2
DA:19,2
DA:25,2
DA:27,2
DA:29,1
DA:36,1
DA:40,6
DA:41,6
DA:43,3
DA:47,2
DA:48,2
DA:49,1
DA:53,2
DA:54,2
DA:55,1
DA:59,2
LF:25
LH:25
BRDA:12,0,0,1
BRDA:18,1,0,2
BRDA:18,2,0,1
BRDA:27,3,0,1
BRDA:41,4,0,3
BRDA:48,5,0,1
BRDA:54,6,0,1
BRF:7
BRH:7
end_of_record
TN:
SF:src\app\utils\ClientSerializer.ts
FN:3,(anonymous_0)
FNF:1
FNH:1
FNDA:4,(anonymous_0)
DA:3,2
DA:4,4
DA:5,4
DA:18,2
LF:4
LH:4
BRF:0
BRH:0
end_of_record
TN:
SF:src\app\utils\errorSerializer.ts
FN:1,(anonymous_0)
FN:2,(anonymous_1)
FNF:2
FNH:2
FNDA:8,(anonymous_0)
FNDA:15,(anonymous_1)
DA:1,2
DA:2,15
DA:6,8
LF:3
LH:3
BRF:0
BRH:0
end_of_record
TN:
SF:src\app\utils\genderEnum.ts
FN:1,(anonymous_0)
FNF:1
FNH:1
FNDA:2,(anonymous_0)
DA:1,2
DA:2,2
DA:3,2
DA:4,2
LF:4
LH:4
BRDA:1,0,0,2
BRDA:1,0,1,2
BRF:2
BRH:2
end_of_record
TN:
SF:src\app\utils\paginate.ts
FN:3,(anonymous_0)
FNF:1
FNH:1
FNDA:5,(anonymous_0)
DA:3,2
DA:4,5
DA:5,5
DA:6,3
DA:8,5
DA:12,3
DA:14,5
DA:23,2
LF:8
LH:8
BRDA:5,0,0,3
BRDA:8,1,0,3
BRDA:9,2,0,5
BRDA:9,2,1,2
BRF:4
BRH:4
end_of_record
TN:
SF:src\app\validations\index.ts
FNF:0
FNH:0
DA:1,2
DA:2,2
DA:3,2
DA:4,2
DA:5,2
DA:6,2
DA:9,2
DA:10,2
DA:11,2
DA:12,2
DA:13,2
DA:14,2
LF:12
LH:12
BRF:0
BRH:0
end_of_record
TN:
SF:src\app\validations\cities\cityQueryValidation.ts
FN:5,(anonymous_1)
FNF:1
FNH:1
FNDA:8,(anonymous_1)
DA:2,2
DA:3,2
DA:5,2
DA:6,8
DA:7,8
DA:15,8
DA:16,8
DA:17,7
DA:19,1
LF:9
LH:9
BRDA:16,0,0,1
BRF:1
BRH:1
end_of_record
TN:
SF:src\app\validations\cities\cityValidation.ts
FN:5,(anonymous_1)
FNF:1
FNH:1
FNDA:10,(anonymous_1)
DA:2,2
DA:3,2
DA:5,2
DA:6,10
DA:7,10
DA:12,10
DA:13,10
DA:14,9
DA:16,1
LF:9
LH:9
BRDA:13,0,0,1
BRF:1
BRH:1
end_of_record
TN:
SF:src\app\validations\clients\clientQueryValidation.ts
FN:5,(anonymous_1)
FNF:1
FNH:1
FNDA:3,(anonymous_1)
DA:2,2
DA:3,2
DA:5,2
DA:6,3
DA:7,3
DA:17,3
DA:18,3
DA:19,2
DA:21,1
LF:9
LH:9
BRDA:18,0,0,1
BRF:1
BRH:1
end_of_record
TN:
SF:src\app\validations\clients\clientValidation.ts
FN:6,(anonymous_1)
FNF:1
FNH:1
FNDA:6,(anonymous_1)
DA:2,2
DA:3,2
DA:4,2
DA:6,2
DA:7,6
DA:8,6
DA:16,6
DA:17,6
DA:18,5
DA:20,1
LF:10
LH:10
BRDA:17,0,0,1
BRF:1
BRH:1
end_of_record
TN:
SF:src\app\validations\clients\patchClientValidation.ts
FN:5,(anonymous_1)
FNF:1
FNH:1
FNDA:3,(anonymous_1)
DA:2,2
DA:3,2
DA:5,2
DA:6,3
DA:7,3
DA:11,3
DA:12,3
DA:13,2
DA:15,1
LF:9
LH:9
BRDA:12,0,0,1
BRF:1
BRH:1
end_of_record
TN:
SF:src\app\validations\general\idValidation.ts
FN:5,(anonymous_1)
FNF:1
FNH:1
FNDA:12,(anonymous_1)
DA:2,2
DA:3,2
DA:5,2
DA:6,12
DA:7,12
DA:11,12
DA:12,12
DA:13,9
DA:15,3
LF:9
LH:9
BRDA:12,0,0,3
BRF:1
BRH:1
end_of_record
TN:
SF:src\infra\db\postgres\index.ts
FN:4,(anonymous_0)
FNF:1
FNH:1
FNDA:2,(anonymous_0)
DA:2,2
DA:4,2
DA:5,2
DA:6,2
DA:8,2
LF:5
LH:5
BRF:0
BRH:0
end_of_record
TN:
SF:src\routes\cities.routes.ts
FN:6,(anonymous_1)
FNF:1
FNH:1
FNDA:41,(anonymous_1)
DA:2,2
DA:3,2
DA:4,2
DA:6,2
DA:7,41
DA:8,41
DA:9,41
DA:10,41
DA:12,41
LF:9
LH:9
BRDA:6,0,0,41
BRF:1
BRH:1
end_of_record
TN:
SF:src\routes\clients.routes.ts
FN:7,(anonymous_1)
FNF:1
FNH:1
FNDA:41,(anonymous_1)
DA:2,2
DA:3,2
DA:5,2
DA:7,2
DA:8,41
DA:9,41
DA:10,41
DA:11,41
DA:12,41
DA:13,41
DA:15,41
LF:11
LH:11
BRDA:7,0,0,41
BRF:1
BRH:1
end_of_record
TN:
SF:src\routes\docs.routes.ts
FN:5,(anonymous_1)
FNF:1
FNH:1
FNDA:41,(anonymous_1)
DA:2,2
DA:3,2
DA:5,2
DA:6,41
DA:8,41
LF:5
LH:5
BRDA:5,0,0,41
BRF:1
BRH:1
end_of_record
TN:
SF:src\routes\index.ts
FN:7,(anonymous_1)
FN:8,(anonymous_2)
FNF:2
FNH:2
FNDA:2,(anonymous_1)
FNDA:41,(anonymous_2)
DA:1,2
DA:2,2
DA:3,2
DA:4,2
DA:5,2
DA:7,2
DA:8,2
DA:9,41
DA:10,41
DA:11,41
DA:13,41
LF:11
LH:11
BRF:0
BRH:0
end_of_record
